<?xml version="1.0" encoding="UTF-8"?>
<!-- Generated by org.testng.reporters.JUnitReportReporter -->
<testsuite hostname="P2CLAP-52GXD63" failures="0" tests="1" name="com.mystore.testcases.SearchResultTests" time="31.509" errors="0" timestamp="2022-07-05T13:20:26 IST" skipped="0">
  <testcase classname="com.mystore.testcases.SearchResultTests" name="validateProductAvaility" time="31.509"/>
  <system-out/>
</testsuite> <!-- com.mystore.testcases.SearchResultTests -->
