<?xml version="1.0" encoding="UTF-8"?>
<!-- Generated by org.testng.reporters.JUnitReportReporter -->
<testsuite hostname="P2CLAP-52GXD63" failures="0" tests="1" name="com.mystore.testcases.LoginPageTests" time="60.534" errors="0" timestamp="2022-07-05T13:20:26 IST" skipped="0">
  <testcase classname="com.mystore.testcases.LoginPageTests" name="loginTests" time="60.534"/>
  <system-out/>
</testsuite> <!-- com.mystore.testcases.LoginPageTests -->
