<?xml version="1.0" encoding="UTF-8"?>
<!-- Generated by org.testng.reporters.JUnitReportReporter -->
<testsuite hostname="P2CLAP-52GXD63" failures="0" tests="1" name="com.mystore.testcases.AccountCreationTests" time="18.895" errors="0" timestamp="2022-07-05T17:01:45 IST" skipped="0">
  <testcase classname="com.mystore.testcases.AccountCreationTests" name="validateCreateText" time="18.895"/>
  <system-out/>
</testsuite> <!-- com.mystore.testcases.AccountCreationTests -->
