<?xml version="1.0" encoding="UTF-8"?>
<!-- Generated by org.testng.reporters.JUnitReportReporter -->
<testsuite hostname="P2CLAP-52GXD63" failures="0" tests="2" name="com.mystore.testcases.HomePageTests" time="90.932" errors="0" timestamp="2022-07-05T13:20:26 IST" skipped="0">
  <testcase classname="com.mystore.testcases.HomePageTests" name="wishListTests" time="47.124"/>
  <system-out/>
  <testcase classname="com.mystore.testcases.HomePageTests" name="orderHistoryTests" time="43.808"/>
  <system-out/>
</testsuite> <!-- com.mystore.testcases.HomePageTests -->
