<?xml version="1.0" encoding="UTF-8"?>
<!-- Generated by org.testng.reporters.JUnitReportReporter -->
<testsuite hostname="P2CLAP-52GXD63" failures="0" tests="6" name="com.mystore.testcases.IndexPageTests" time="192.618" errors="0" timestamp="2022-07-05T13:55:17 IST" skipped="0">
  <testcase classname="com.mystore.testcases.IndexPageTests" name="verifyTitle" time="23.451"/>
  <system-out/>
  <testcase classname="com.mystore.testcases.IndexPageTests" name="VerifyLogo" time="35.262"/>
  <system-out/>
  <testcase classname="com.mystore.testcases.IndexPageTests" name="VerifyLogo" time="38.756"/>
  <system-out/>
  <testcase classname="com.mystore.testcases.IndexPageTests" name="verifyTitle" time="18.924"/>
  <system-out/>
  <testcase classname="com.mystore.testcases.IndexPageTests" name="VerifyLogo" time="40.944"/>
  <system-out/>
  <testcase classname="com.mystore.testcases.IndexPageTests" name="verifyTitle" time="35.281"/>
  <system-out/>
</testsuite> <!-- com.mystore.testcases.IndexPageTests -->
