<?xml version="1.0" encoding="UTF-8"?>
<!-- Generated by org.testng.reporters.JUnitReportReporter -->
<testsuite hostname="P2CLAP-52GXD63" failures="0" tests="2" name="com.mystore.testcases.IndexPageTests" time="32.762" errors="0" timestamp="2022-07-05T13:20:26 IST" skipped="0">
  <testcase classname="com.mystore.testcases.IndexPageTests" name="verifyTitle" time="18.896"/>
  <system-out/>
  <testcase classname="com.mystore.testcases.IndexPageTests" name="VerifyLogo" time="13.866"/>
  <system-out/>
</testsuite> <!-- com.mystore.testcases.IndexPageTests -->
